<?xml version="1.0" encoding="UTF-8" ?>
<testsuite errors="0" failures="0" hostname="GPA84-952" name="dport.TraitControllerIntegrationSpec" tests="6" time="24.503" timestamp="2014-08-28T13:45:48">
  <properties />
  <testcase classname="dport.TraitControllerIntegrationSpec" name="test the traitInfo page" time="0.0050" />
  <testcase classname="dport.TraitControllerIntegrationSpec" name="test the search a trait (and potentially  ignificance) page" time="0.0050" />
  <testcase classname="dport.TraitControllerIntegrationSpec" name="test the search a trait by ajax page" time="0.523" />
  <testcase classname="dport.TraitControllerIntegrationSpec" name="test the association statistics across 25 traits by ajax page" time="0.487" />
  <testcase classname="dport.TraitControllerIntegrationSpec" name="test the search a traits across region page" time="0.01" />
  <testcase classname="dport.TraitControllerIntegrationSpec" name="test traitVariantCrossAjax" time="23.468" />
  <system-out><![CDATA[--Output from test the traitInfo page--
--Output from test the search a trait (and potentially  ignificance) page--
--Output from test the search a trait by ajax page--
--Output from test the association statistics across 25 traits by ajax page--
--Output from test the search a traits across region page--
--Output from test traitVariantCrossAjax--
]]></system-out>
  <system-err><![CDATA[--Output from test the traitInfo page--
--Output from test the search a trait (and potentially  ignificance) page--
--Output from test the search a trait by ajax page--
--Output from test the association statistics across 25 traits by ajax page--
--Output from test the search a traits across region page--
--Output from test traitVariantCrossAjax--
]]></system-err>
</testsuite>
