<?xml version="1.0" encoding="UTF-8" ?>
<testsuite errors="0" failures="0" hostname="Cognomen" name="dport.InformationalControllerIntegrationSpec" tests="7" time="0.364" timestamp="2014-08-25T01:10:12">
  <properties />
  <testcase classname="dport.InformationalControllerIntegrationSpec" name="test the about page" time="0.004" />
  <testcase classname="dport.InformationalControllerIntegrationSpec" name="test the contact page" time="0.003" />
  <testcase classname="dport.InformationalControllerIntegrationSpec" name="test the hgat page" time="0.003" />
  <testcase classname="dport.InformationalControllerIntegrationSpec" name="test the t2dgenes page" time="0.003" />
  <testcase classname="dport.InformationalControllerIntegrationSpec" name="test the t2dgenesection page" time="0.229" />
  <testcase classname="dport.InformationalControllerIntegrationSpec" name="test the got2d page" time="0.004" />
  <testcase classname="dport.InformationalControllerIntegrationSpec" name="test the got2dsection page" time="0.114" />
  <system-out><![CDATA[--Output from test the about page--
--Output from test the contact page--
--Output from test the hgat page--
--Output from test the t2dgenes page--
--Output from test the t2dgenesection page--
--Output from test the got2d page--
--Output from test the got2dsection page--
]]></system-out>
  <system-err><![CDATA[--Output from test the about page--
--Output from test the contact page--
--Output from test the hgat page--
--Output from test the t2dgenes page--
--Output from test the t2dgenesection page--
--Output from test the got2d page--
--Output from test the got2dsection page--
]]></system-err>
</testsuite>
