<?xml version="1.0" encoding="UTF-8" ?>
<testsuite errors="1" failures="0" hostname="Cognomen" name="dport.TraitControllerIntegrationSpec" tests="6" time="1.123" timestamp="2014-08-31T21:32:24">
  <properties />
  <testcase classname="dport.TraitControllerIntegrationSpec" name="test the traitInfo page" time="0.005" />
  <testcase classname="dport.TraitControllerIntegrationSpec" name="test the search a trait (and potentially  ignificance) page" time="0.005" />
  <testcase classname="dport.TraitControllerIntegrationSpec" name="test the search a trait by ajax page" time="0.452" />
  <testcase classname="dport.TraitControllerIntegrationSpec" name="test the association statistics across 25 traits by ajax page" time="0.618" />
  <testcase classname="dport.TraitControllerIntegrationSpec" name="test the search a traits across region page" time="0.007" />
  <testcase classname="dport.TraitControllerIntegrationSpec" name="test traitVariantCrossAjax" time="0.032">
    <error message="No signature of method: dport.RestServerService.searchForTraitBySpecifiedRegion() is applicable for argument types: (java.lang.String, java.lang.Integer, java.lang.Integer) values: [1, 209348715, 210349783]&#xa;Possible solutions: searchForTraitBySpecifiedRegion(java.lang.Integer, java.lang.Integer, java.lang.Integer)" type="groovy.lang.MissingMethodException">groovy.lang.MissingMethodException: No signature of method: dport.RestServerService.searchForTraitBySpecifiedRegion() is applicable for argument types: (java.lang.String, java.lang.Integer, java.lang.Integer) values: [1, 209348715, 210349783]
Possible solutions: searchForTraitBySpecifiedRegion(java.lang.Integer, java.lang.Integer, java.lang.Integer)
	at dport.RestServerService.$tt__searchTraitByUnparsedRegion(RestServerService.groovy:523)
	at dport.TraitController.traitVariantCrossAjax(TraitController.groovy:110)
	at dport.TraitControllerIntegrationSpec.test traitVariantCrossAjax(TraitControllerIntegrationSpec.groovy:91)
</error>
  </testcase>
  <system-out><![CDATA[--Output from test the traitInfo page--
--Output from test the search a trait (and potentially  ignificance) page--
--Output from test the search a trait by ajax page--
--Output from test the association statistics across 25 traits by ajax page--
--Output from test the search a traits across region page--
--Output from test traitVariantCrossAjax--
]]></system-out>
  <system-err><![CDATA[--Output from test the traitInfo page--
--Output from test the search a trait (and potentially  ignificance) page--
--Output from test the search a trait by ajax page--
--Output from test the association statistics across 25 traits by ajax page--
--Output from test the search a traits across region page--
--Output from test traitVariantCrossAjax--
]]></system-err>
</testsuite>
