<?xml version="1.0" encoding="UTF-8" ?>
<testsuite errors="0" failures="0" hostname="Cognomen" name="dport.HomeControllerIntegrationSpec" tests="1" time="0.012" timestamp="2014-08-31T21:32:12">
  <properties />
  <testcase classname="dport.HomeControllerIntegrationSpec" name="test the main page of the application.  The first place that everybody goes" time="0.008" />
  <system-out><![CDATA[--Output from test the main page of the application.  The first place that everybody goes--
]]></system-out>
  <system-err><![CDATA[--Output from test the main page of the application.  The first place that everybody goes--
]]></system-err>
</testsuite>
