<?xml version="1.0" encoding="UTF-8" ?>
<testsuite errors="0" failures="0" hostname="GPA84-952" name="dport.VariantSearchControllerIntegrationSpec" tests="1" time="0.0070" timestamp="2014-08-28T13:46:12">
  <properties />
  <testcase classname="dport.VariantSearchControllerIntegrationSpec" name="test variantSearch" time="0.0070" />
  <system-out><![CDATA[--Output from test variantSearch--
]]></system-out>
  <system-err><![CDATA[--Output from test variantSearch--
]]></system-err>
</testsuite>
