<?xml version="1.0" encoding="UTF-8" ?>
<testsuite errors="0" failures="0" hostname="GPA84-952" name="dport.PhenotypeIntegrationSpec" tests="1" time="0.011" timestamp="2014-08-28T13:45:43">
  <properties />
  <testcase classname="dport.PhenotypeIntegrationSpec" name="test functions on phenotype domain object" time="0.0060" />
  <system-out><![CDATA[--Output from test functions on phenotype domain object--
]]></system-out>
  <system-err><![CDATA[--Output from test functions on phenotype domain object--
]]></system-err>
</testsuite>
