<?xml version="1.0" encoding="UTF-8" ?>
<testsuite errors="0" failures="0" hostname="GPA84-952" name="dport.RegionControllerIntegrationSpec" tests="2" time="4.443" timestamp="2014-08-28T13:45:43">
  <properties />
  <testcase classname="dport.RegionControllerIntegrationSpec" name="test the search a region page" time="0.185" />
  <testcase classname="dport.RegionControllerIntegrationSpec" name="test the search a region by ajax page" time="4.252" />
  <system-out><![CDATA[--Output from test the search a region page--
--Output from test the search a region by ajax page--
]]></system-out>
  <system-err><![CDATA[--Output from test the search a region page--
--Output from test the search a region by ajax page--
]]></system-err>
</testsuite>
