<?xml version="1.0" encoding="UTF-8" ?>
<testsuite errors="0" failures="0" hostname="GPA84-952" name="dport.GeneManagementServiceIntegrationSpec" tests="16" time="0.264" timestamp="2014-08-21T18:29:06">
  <properties />
  <testcase classname="dport.GeneManagementServiceIntegrationSpec" name="test retrieveGene Single return Through direct call" time="0.015" />
  <testcase classname="dport.GeneManagementServiceIntegrationSpec" name="test retrieveGene Multiple return Through direct call" time="0.016" />
  <testcase classname="dport.GeneManagementServiceIntegrationSpec" name="test retrieveGene Nonexistent gene Through direct call" time="0.015" />
  <testcase classname="dport.GeneManagementServiceIntegrationSpec" name="test retrieveGene Lowercase=no match Through direct call" time="0.016" />
  <testcase classname="dport.GeneManagementServiceIntegrationSpec" name="test retrieveGene Null matches all Through direct call" time="0.047" />
  <testcase classname="dport.GeneManagementServiceIntegrationSpec" name="test deliverPartialMatches Single return" time="0.0090" />
  <testcase classname="dport.GeneManagementServiceIntegrationSpec" name="test deliverPartialMatches Multiple return" time="0.01" />
  <testcase classname="dport.GeneManagementServiceIntegrationSpec" name="test deliverPartialMatches Nonexistent gene" time="0.016" />
  <testcase classname="dport.GeneManagementServiceIntegrationSpec" name="test deliverPartialMatches Lowercase=match" time="0.018" />
  <testcase classname="dport.GeneManagementServiceIntegrationSpec" name="test deliverPartialMatches Null=no match" time="0.0050" />
  <testcase classname="dport.GeneManagementServiceIntegrationSpec" name="test deliverPartialMatchesInJson" time="0.029" />
  <testcase classname="dport.GeneManagementServiceIntegrationSpec" name="test partialGeneMatches legal[0]" time="0.015" />
  <testcase classname="dport.GeneManagementServiceIntegrationSpec" name="test partialGeneMatches legal[1]" time="0.011" />
  <testcase classname="dport.GeneManagementServiceIntegrationSpec" name="test partialGeneMatches legal[2]" time="0.01" />
  <testcase classname="dport.GeneManagementServiceIntegrationSpec" name="test partialGeneMatches should correctly return nothing[0]" time="0.01" />
  <testcase classname="dport.GeneManagementServiceIntegrationSpec" name="test partialGeneMatches should correctly return nothing[1]" time="0.0050" />
  <system-out><![CDATA[--Output from test retrieveGene Single return Through direct call--
--Output from test retrieveGene Multiple return Through direct call--
--Output from test retrieveGene Nonexistent gene Through direct call--
--Output from test retrieveGene Lowercase=no match Through direct call--
--Output from test retrieveGene Null matches all Through direct call--
--Output from test deliverPartialMatches Single return--
--Output from test deliverPartialMatches Multiple return--
--Output from test deliverPartialMatches Nonexistent gene--
--Output from test deliverPartialMatches Lowercase=match--
--Output from test deliverPartialMatches Null=no match--
--Output from test deliverPartialMatchesInJson--
--Output from test partialGeneMatches legal[0]--
--Output from test partialGeneMatches legal[1]--
--Output from test partialGeneMatches legal[2]--
--Output from test partialGeneMatches should correctly return nothing[0]--
--Output from test partialGeneMatches should correctly return nothing[1]--
]]></system-out>
  <system-err><![CDATA[--Output from test retrieveGene Single return Through direct call--
--Output from test retrieveGene Multiple return Through direct call--
--Output from test retrieveGene Nonexistent gene Through direct call--
--Output from test retrieveGene Lowercase=no match Through direct call--
--Output from test retrieveGene Null matches all Through direct call--
--Output from test deliverPartialMatches Single return--
--Output from test deliverPartialMatches Multiple return--
--Output from test deliverPartialMatches Nonexistent gene--
--Output from test deliverPartialMatches Lowercase=match--
--Output from test deliverPartialMatches Null=no match--
--Output from test deliverPartialMatchesInJson--
--Output from test partialGeneMatches legal[0]--
--Output from test partialGeneMatches legal[1]--
--Output from test partialGeneMatches legal[2]--
--Output from test partialGeneMatches should correctly return nothing[0]--
--Output from test partialGeneMatches should correctly return nothing[1]--
]]></system-err>
</testsuite>
