<?xml version="1.0" encoding="UTF-8" ?>
<testsuite errors="0" failures="0" hostname="GPA84-952" name="dport.ProteinEffectIntegrationSpec" tests="1" time="0.011" timestamp="2014-08-21T18:29:06">
  <properties />
  <testcase classname="dport.ProteinEffectIntegrationSpec" name="test functions on gene domain object" time="0.0060" />
  <system-out><![CDATA[--Output from test functions on gene domain object--
]]></system-out>
  <system-err><![CDATA[--Output from test functions on gene domain object--
]]></system-err>
</testsuite>
