<?xml version="1.0" encoding="UTF-8" ?>
<testsuite errors="0" failures="0" hostname="GPA84-952" name="dport.TraitControllerIntegrationSpec" tests="6" time="25.921" timestamp="2014-08-21T18:29:09">
  <properties />
  <testcase classname="dport.TraitControllerIntegrationSpec" name="test the traitInfo page" time="0.0050" />
  <testcase classname="dport.TraitControllerIntegrationSpec" name="test the search a trait (and potentially  ignificance) page" time="0.018" />
  <testcase classname="dport.TraitControllerIntegrationSpec" name="test the search a trait by ajax page" time="0.699" />
  <testcase classname="dport.TraitControllerIntegrationSpec" name="test the association statistics across 25 traits by ajax page" time="0.634" />
  <testcase classname="dport.TraitControllerIntegrationSpec" name="test the search a traits across region page" time="0.0060" />
  <testcase classname="dport.TraitControllerIntegrationSpec" name="test traitVariantCrossAjax" time="24.552" />
  <system-out><![CDATA[--Output from test the traitInfo page--
--Output from test the search a trait (and potentially  ignificance) page--
--Output from test the search a trait by ajax page--
--Output from test the association statistics across 25 traits by ajax page--
--Output from test the search a traits across region page--
--Output from test traitVariantCrossAjax--
]]></system-out>
  <system-err><![CDATA[--Output from test the traitInfo page--
--Output from test the search a trait (and potentially  ignificance) page--
--Output from test the search a trait by ajax page--
--Output from test the association statistics across 25 traits by ajax page--
--Output from test the search a traits across region page--
--Output from test traitVariantCrossAjax--
]]></system-err>
</testsuite>
