<?xml version="1.0" encoding="UTF-8" ?>
<testsuite errors="0" failures="0" hostname="Cognomen" name="dport.VariantSearchControllerIntegrationSpec" tests="1" time="0.005" timestamp="2014-08-31T21:32:26">
  <properties />
  <testcase classname="dport.VariantSearchControllerIntegrationSpec" name="test variantSearch" time="0.005" />
  <system-out><![CDATA[--Output from test variantSearch--
]]></system-out>
  <system-err><![CDATA[--Output from test variantSearch--
]]></system-err>
</testsuite>
