<?xml version="1.0" encoding="UTF-8" ?>
<testsuite errors="0" failures="0" hostname="Cognomen" name="dport.VariantControllerIntegrationSpec" tests="2" time="0.148" timestamp="2014-08-31T21:32:25">
  <properties />
  <testcase classname="dport.VariantControllerIntegrationSpec" name="test the variantInfo page" time="0.004" />
  <testcase classname="dport.VariantControllerIntegrationSpec" name="test the variantAjax data retrieval" time="0.14" />
  <system-out><![CDATA[--Output from test the variantInfo page--
--Output from test the variantAjax data retrieval--
]]></system-out>
  <system-err><![CDATA[--Output from test the variantInfo page--
--Output from test the variantAjax data retrieval--
]]></system-err>
</testsuite>
