<?xml version="1.0" encoding="UTF-8" ?>
<testsuite errors="0" failures="0" hostname="Cognomen" name="dport.GeneControllerIntegrationSpec" tests="3" time="0.81" timestamp="2014-08-23T13:31:59">
  <properties />
  <testcase classname="dport.GeneControllerIntegrationSpec" name="test engine that returns data for command completion" time="0.341" />
  <testcase classname="dport.GeneControllerIntegrationSpec" name="test return of the gene info core page" time="0.046" />
  <testcase classname="dport.GeneControllerIntegrationSpec" name="test return of the gene info Ajax content" time="0.397" />
  <system-out><![CDATA[--Output from test engine that returns data for command completion--
--Output from test return of the gene info core page--
--Output from test return of the gene info Ajax content--
]]></system-out>
  <system-err><![CDATA[--Output from test engine that returns data for command completion--
--Output from test return of the gene info core page--
--Output from test return of the gene info Ajax content--
]]></system-err>
</testsuite>
